Using pre-set license
Built from '2020.3/staging' branch; Version is '2020.3.0f1 (c7b5465681fb) revision 13088070'; Using compiler version '192528614'; Build Type 'Release'
OS: 'Windows 10 Home; OS build 19042.928; Version 2009; 64bit' Language: 'en' Physical Memory: 15970 MB
BatchMode: 1, IsHumanControllingUs: 0, StartBugReporterOnCrash: 0, Is64bit: 1, IsPro: 0

 COMMAND LINE ARGUMENTS:
C:\Program Files\Unity\Hub\Editor\2020.3.0f1\Editor\Unity.exe
-adb2
-batchMode
-noUpm
-name
AssetImportWorker0
-projectPath
C:/Users/csviv/Desktop/unity/dungeon crawler
-logFile
Logs/AssetImportWorker0.log
-srvPort
53695
Successfully changed project path to: C:/Users/csviv/Desktop/unity/dungeon crawler
C:/Users/csviv/Desktop/unity/dungeon crawler
Using Asset Import Pipeline V2.
Refreshing native plugins compatible for Editor in 125.68 ms, found 2 plugins.
Preloading 0 native plugins for Editor in 0.00 ms.
Initialize engine version: 2020.3.0f1 (c7b5465681fb)
[Subsystems] Discovering subsystems at path C:/Program Files/Unity/Hub/Editor/2020.3.0f1/Editor/Data/Resources/UnitySubsystems
[Subsystems] Discovering subsystems at path C:/Users/csviv/Desktop/unity/dungeon crawler/Assets
GfxDevice: creating device client; threaded=0
Direct3D:
    Version:  Direct3D 11.0 [level 11.1]
    Renderer: Intel(R) Iris(R) Plus Graphics (ID=0x8a52)
    Vendor:   
    VRAM:     7985 MB
    Driver:   27.20.100.8681
Initialize mono
Mono path[0] = 'C:/Program Files/Unity/Hub/Editor/2020.3.0f1/Editor/Data/Managed'
Mono path[1] = 'C:/Program Files/Unity/Hub/Editor/2020.3.0f1/Editor/Data/MonoBleedingEdge/lib/mono/unityjit'
Mono config path = 'C:/Program Files/Unity/Hub/Editor/2020.3.0f1/Editor/Data/MonoBleedingEdge/etc'
Using monoOptions --debugger-agent=transport=dt_socket,embedding=1,server=y,suspend=n,address=127.0.0.1:56496
Begin MonoManager ReloadAssembly
Registering precompiled unity dll's ...
Register platform support module: C:/Program Files/Unity/Hub/Editor/2020.3.0f1/Editor/Data/PlaybackEngines/WebGLSupport/UnityEditor.WebGL.Extensions.dll
Register platform support module: C:/Program Files/Unity/Hub/Editor/2020.3.0f1/Editor/Data/PlaybackEngines/WindowsStandaloneSupport/UnityEditor.WindowsStandalone.Extensions.dll
Registered in 0.001972 seconds.
Native extension for WindowsStandalone target not found
Native extension for WebGL target not found
Refreshing native plugins compatible for Editor in 123.67 ms, found 2 plugins.
Preloading 0 native plugins for Editor in 0.00 ms.
Invoked RoslynAnalysisRunner static constructor.
RoslynAnalysisRunner will not be running.
RoslynAnalysisRunner has terminated.
Mono: successfully reloaded assembly
- Completed reload, in  1.390 seconds
Platform modules already initialized, skipping
Registering precompiled user dll's ...
Registered in 0.006285 seconds.
Begin MonoManager ReloadAssembly
Native extension for WindowsStandalone target not found
Native extension for WebGL target not found
Refreshing native plugins compatible for Editor in 1.22 ms, found 2 plugins.
Preloading 0 native plugins for Editor in 0.00 ms.
Invoked RoslynAnalysisRunner static constructor.
RoslynAnalysisRunner will not be running.
RoslynAnalysisRunner has terminated.
RefreshInfo: StopAssetImportingV2(NoUpdateAssetOptions) scanfilter: 
RefreshProfiler: Total: 0.000ms
Mono: successfully reloaded assembly
- Completed reload, in  1.219 seconds
Platform modules already initialized, skipping
========================================================================
Worker process is ready to serve import requests
Launched and connected shader compiler UnityShaderCompiler.exe after 0.06 seconds
Refreshing native plugins compatible for Editor in 1.74 ms, found 2 plugins.
Preloading 0 native plugins for Editor in 0.00 ms.
Unloading 16 Unused Serialized files (Serialized files now loaded: 0)
System memory in use before: 72.0 MB.
System memory in use after: 72.2 MB.

Unloading 190 unused Assets to reduce memory usage. Loaded Objects now: 3450.
Total: 2.435100 ms (FindLiveObjects: 0.373000 ms CreateObjectMapping: 0.153800 ms MarkObjects: 1.689000 ms  DeleteObjects: 0.218100 ms)

========================================================================
Received Import Request.
  path: Assets/json/actions.json
  artifactKey: Guid(7b97a662786cf184cb4f7d21f5ebb9aa) Importer(815301076,1909f56bfc062723c751e8b465ee728b)
Start importing Assets/json/actions.json using Guid(7b97a662786cf184cb4f7d21f5ebb9aa) Importer(815301076,1909f56bfc062723c751e8b465ee728b)  -> (artifact id: 'b9b3088bd6a0d8866e85af5ff4d0e9e8') in 0.081415 seconds
  Import took 0.090918 seconds .

========================================================================
Received Import Request.
  Time since last request: 1835.747552 seconds.
  path: Assets/AbilityMenu.cs
  artifactKey: Guid(ecc41eb72438ee446b640d2129a7bfd8) Importer(815301076,1909f56bfc062723c751e8b465ee728b)
Start importing Assets/AbilityMenu.cs using Guid(ecc41eb72438ee446b640d2129a7bfd8) Importer(815301076,1909f56bfc062723c751e8b465ee728b)  -> (artifact id: '0ea2dc85d80dd8fd80d5c85f2f4de489') in 0.016758 seconds
  Import took 0.024206 seconds .

========================================================================
Received Import Request.
  Time since last request: 0.501299 seconds.
  path: Assets/AbilityManager.cs
  artifactKey: Guid(7fda7efb4b9000f4384276f586041b29) Importer(815301076,1909f56bfc062723c751e8b465ee728b)
Start importing Assets/AbilityManager.cs using Guid(7fda7efb4b9000f4384276f586041b29) Importer(815301076,1909f56bfc062723c751e8b465ee728b)  -> (artifact id: '04f6345fc7d7a73c4f4a012e8e05be0e') in 0.007999 seconds
  Import took 0.014620 seconds .

AssetImportWorkerClient::OnTransportError - code=2 error=End of file
